-------------------------------------------------------------------------------
Test set: runner.TestRunner
-------------------------------------------------------------------------------
Tests run: 1, Failures: 0, Errors: 1, Skipped: 0, Time elapsed: 39.94 s <<< FAILURE! -- in runner.TestRunner
Casekaro Cart Functionality.Add three different material variants of a phone case to the cart -- Time elapsed: 39.71 s <<< ERROR!
com.microsoft.playwright.TimeoutError: 
Error {
  message='Timeout 30000ms exceeded.
  name='TimeoutError
  stack='TimeoutError: Timeout 30000ms exceeded.
    at ProgressController.run (/private/var/folders/dz/52ys4n551gzc_p0zn75phrv40000gn/T/playwright-java-6951284551139637895/package/lib/server/progress.js:78:26)
    at Frame.waitForSelector (/private/var/folders/dz/52ys4n551gzc_p0zn75phrv40000gn/T/playwright-java-6951284551139637895/package/lib/server/frames.js:619:23)
    at FrameDispatcher.waitForSelector (/private/var/folders/dz/52ys4n551gzc_p0zn75phrv40000gn/T/playwright-java-6951284551139637895/package/lib/server/dispatchers/frameDispatcher.js:106:103)
    at FrameDispatcher._handleCommand (/private/var/folders/dz/52ys4n551gzc_p0zn75phrv40000gn/T/playwright-java-6951284551139637895/package/lib/server/dispatchers/dispatcher.js:94:40)
    at DispatcherConnection.dispatch (/private/var/folders/dz/52ys4n551gzc_p0zn75phrv40000gn/T/playwright-java-6951284551139637895/package/lib/server/dispatchers/dispatcher.js:361:39)
}
Call log:
- waiting for locator("text=Phone cases by model").first()

	at com.microsoft.playwright.impl.WaitableResult.get(WaitableResult.java:52)
	at com.microsoft.playwright.impl.ChannelOwner.runUntil(ChannelOwner.java:120)
	at com.microsoft.playwright.impl.Connection.sendMessage(Connection.java:130)
	at com.microsoft.playwright.impl.ChannelOwner.sendMessage(ChannelOwner.java:106)
	at com.microsoft.playwright.impl.FrameImpl.waitForSelectorImpl(FrameImpl.java:1060)
	at com.microsoft.playwright.impl.FrameImpl.waitForSelectorImpl(FrameImpl.java:1050)
	at com.microsoft.playwright.impl.FrameImpl.lambda$waitForSelector$46(FrameImpl.java:1046)
	at com.microsoft.playwright.impl.LoggingSupport.withLogging(LoggingSupport.java:47)
	at com.microsoft.playwright.impl.ChannelOwner.withLogging(ChannelOwner.java:89)
	at com.microsoft.playwright.impl.FrameImpl.waitForSelector(FrameImpl.java:1046)
	at com.microsoft.playwright.impl.LocatorImpl.elementHandle(LocatorImpl.java:202)
	at com.microsoft.playwright.impl.LocatorImpl.withElement(LocatorImpl.java:84)
	at com.microsoft.playwright.impl.LocatorImpl.scrollIntoViewIfNeeded(LocatorImpl.java:476)
	at com.microsoft.playwright.Locator.scrollIntoViewIfNeeded(Locator.java:4378)
	at steps.CasekaroSteps.i_search_for_in_the_phone_models_search_box(CasekaroSteps.java:44)
	at ✽.I search for "Apple" in the phone models search box(file:///Users/roshansingh/Developer/autobuy/src/test/resources/features/CasekaroCart.feature:6)
Caused by: com.microsoft.playwright.TimeoutError: Error {
  message='Timeout 30000ms exceeded.
  name='TimeoutError
  stack='TimeoutError: Timeout 30000ms exceeded.
    at ProgressController.run (/private/var/folders/dz/52ys4n551gzc_p0zn75phrv40000gn/T/playwright-java-6951284551139637895/package/lib/server/progress.js:78:26)
    at Frame.waitForSelector (/private/var/folders/dz/52ys4n551gzc_p0zn75phrv40000gn/T/playwright-java-6951284551139637895/package/lib/server/frames.js:619:23)
    at FrameDispatcher.waitForSelector (/private/var/folders/dz/52ys4n551gzc_p0zn75phrv40000gn/T/playwright-java-6951284551139637895/package/lib/server/dispatchers/frameDispatcher.js:106:103)
    at FrameDispatcher._handleCommand (/private/var/folders/dz/52ys4n551gzc_p0zn75phrv40000gn/T/playwright-java-6951284551139637895/package/lib/server/dispatchers/dispatcher.js:94:40)
    at DispatcherConnection.dispatch (/private/var/folders/dz/52ys4n551gzc_p0zn75phrv40000gn/T/playwright-java-6951284551139637895/package/lib/server/dispatchers/dispatcher.js:361:39)
}
Call log:
- waiting for locator("text=Phone cases by model").first()

	at com.microsoft.playwright.impl.Connection.dispatch(Connection.java:254)
	at com.microsoft.playwright.impl.Connection.processOneMessage(Connection.java:211)
	at com.microsoft.playwright.impl.ChannelOwner.runUntil(ChannelOwner.java:118)
	at com.microsoft.playwright.impl.Connection.sendMessage(Connection.java:130)
	at com.microsoft.playwright.impl.ChannelOwner.sendMessage(ChannelOwner.java:106)
	at com.microsoft.playwright.impl.FrameImpl.waitForSelectorImpl(FrameImpl.java:1060)
	at com.microsoft.playwright.impl.FrameImpl.waitForSelectorImpl(FrameImpl.java:1050)
	at com.microsoft.playwright.impl.FrameImpl.lambda$waitForSelector$46(FrameImpl.java:1046)
	at com.microsoft.playwright.impl.LoggingSupport.withLogging(LoggingSupport.java:47)
	at com.microsoft.playwright.impl.ChannelOwner.withLogging(ChannelOwner.java:89)
	at com.microsoft.playwright.impl.FrameImpl.waitForSelector(FrameImpl.java:1046)
	at com.microsoft.playwright.impl.LocatorImpl.elementHandle(LocatorImpl.java:202)
	at com.microsoft.playwright.impl.LocatorImpl.withElement(LocatorImpl.java:84)
	at com.microsoft.playwright.impl.LocatorImpl.scrollIntoViewIfNeeded(LocatorImpl.java:476)
	at com.microsoft.playwright.Locator.scrollIntoViewIfNeeded(Locator.java:4378)
	at steps.CasekaroSteps.i_search_for_in_the_phone_models_search_box(CasekaroSteps.java:44)
	at java.base/jdk.internal.reflect.DirectMethodHandleAccessor.invoke(DirectMethodHandleAccessor.java:104)
	at java.base/java.lang.reflect.Method.invoke(Method.java:565)
	at io.cucumber.java.Invoker.doInvoke(Invoker.java:66)
	at io.cucumber.java.Invoker.invoke(Invoker.java:24)
	at io.cucumber.java.AbstractGlueDefinition.invokeMethod(AbstractGlueDefinition.java:47)
	at io.cucumber.java.JavaStepDefinition.execute(JavaStepDefinition.java:29)
	at io.cucumber.core.runner.CoreStepDefinition.execute(CoreStepDefinition.java:66)
	at io.cucumber.core.runner.PickleStepDefinitionMatch.runStep(PickleStepDefinitionMatch.java:63)
	at io.cucumber.core.runner.ExecutionMode$1.execute(ExecutionMode.java:10)
	at io.cucumber.core.runner.TestStep.executeStep(TestStep.java:81)
	at io.cucumber.core.runner.TestStep.run(TestStep.java:53)
	at io.cucumber.core.runner.PickleStepTestStep.run(PickleStepTestStep.java:51)
	at io.cucumber.core.runner.TestCase.run(TestCase.java:84)
	at io.cucumber.core.runner.Runner.runPickle(Runner.java:75)
	at io.cucumber.junit.PickleRunners$NoStepDescriptions.lambda$run$0(PickleRunners.java:151)
	at io.cucumber.core.runtime.CucumberExecutionContext.lambda$runTestCase$5(CucumberExecutionContext.java:136)
	at io.cucumber.core.runtime.RethrowingThrowableCollector.executeAndThrow(RethrowingThrowableCollector.java:23)
	at io.cucumber.core.runtime.CucumberExecutionContext.runTestCase(CucumberExecutionContext.java:136)
	at io.cucumber.junit.PickleRunners$NoStepDescriptions.run(PickleRunners.java:148)
	at io.cucumber.junit.FeatureRunner.runChild(FeatureRunner.java:144)
	at io.cucumber.junit.FeatureRunner.runChild(FeatureRunner.java:28)
	at org.junit.runners.ParentRunner$4.run(ParentRunner.java:331)
	at org.junit.runners.ParentRunner$1.schedule(ParentRunner.java:79)
	at org.junit.runners.ParentRunner.runChildren(ParentRunner.java:329)
	at org.junit.runners.ParentRunner.access$100(ParentRunner.java:66)
	at org.junit.runners.ParentRunner$2.evaluate(ParentRunner.java:293)
	at org.junit.runners.ParentRunner$3.evaluate(ParentRunner.java:306)
	at org.junit.runners.ParentRunner.run(ParentRunner.java:413)
	at io.cucumber.junit.FeatureRunner.run(FeatureRunner.java:137)
	at io.cucumber.junit.Cucumber.runChild(Cucumber.java:196)
	at io.cucumber.junit.Cucumber.runChild(Cucumber.java:89)
	at org.junit.runners.ParentRunner$4.run(ParentRunner.java:331)
	at org.junit.runners.ParentRunner$1.schedule(ParentRunner.java:79)
	at org.junit.runners.ParentRunner.runChildren(ParentRunner.java:329)
	at org.junit.runners.ParentRunner.access$100(ParentRunner.java:66)
	at org.junit.runners.ParentRunner$2.evaluate(ParentRunner.java:293)
	at io.cucumber.core.runtime.CucumberExecutionContext.lambda$runFeatures$6(CucumberExecutionContext.java:147)
	at io.cucumber.core.runtime.CucumberExecutionContext.execute(CucumberExecutionContext.java:162)
	at io.cucumber.core.runtime.CucumberExecutionContext.runFeatures(CucumberExecutionContext.java:145)
	at io.cucumber.junit.Cucumber$StartAndFinishTestRun.evaluate(Cucumber.java:226)
	at org.junit.runners.ParentRunner$3.evaluate(ParentRunner.java:306)
	at org.junit.runners.ParentRunner.run(ParentRunner.java:413)
	at org.apache.maven.surefire.junit4.JUnit4Provider.execute(JUnit4Provider.java:316)
	at org.apache.maven.surefire.junit4.JUnit4Provider.executeWithRerun(JUnit4Provider.java:240)
	at org.apache.maven.surefire.junit4.JUnit4Provider.executeTestSet(JUnit4Provider.java:214)
	at org.apache.maven.surefire.junit4.JUnit4Provider.invoke(JUnit4Provider.java:155)
	at org.apache.maven.surefire.booter.ForkedBooter.runSuitesInProcess(ForkedBooter.java:385)
	at org.apache.maven.surefire.booter.ForkedBooter.execute(ForkedBooter.java:162)
	at org.apache.maven.surefire.booter.ForkedBooter.run(ForkedBooter.java:507)
	at org.apache.maven.surefire.booter.ForkedBooter.main(ForkedBooter.java:495)

