<?xml version="1.0" encoding="UTF-8"?>
<testsuite xmlns:xsi="http://www.w3.org/2001/XMLSchema-instance" xsi:noNamespaceSchemaLocation="https://maven.apache.org/surefire/maven-surefire-plugin/xsd/surefire-test-report-3.0.xsd" version="3.0" name="runner.TestRunner" time="0.277" tests="1" errors="0" skipped="0" failures="0">
  <properties>
[...]
</properties>
  <testcase name="Add three different material variants of a phone case to the cart" classname="Casekaro Cart Functionality" time="0.035">
    <system-out><![CDATA[
Scenario: Add three different material variants of a phone case to the cart &amp#27;[90m# src/test/resources/features/CasekaroCart.feature:3&amp#27;[0m
Step: Navigate to Casekaro website
  &amp#27;[32mGiven &amp#27;[0m&amp#27;[32mI navigate to the casekaro website&amp#27;[0m                                  &amp#27;[90m# steps.CasekaroSteps.i_navigate_to_the_casekaro_website()&amp#27;[0m
Step: Click on menu - Mobile Covers
  &amp#27;[32mWhen &amp#27;[0m&amp#27;[32mI click on &amp#27;[0m&amp#27;[32m&amp#27;[1m"Mobile Covers"&amp#27;[0m&amp#27;[32m from the Top Navigation Menu&amp#27;[0m              &amp#27;[90m# steps.CasekaroSteps.i_click_on_from_the_top_navigation_menu(java.lang.String)&amp#27;[0m
Step: Search for - Apple
  &amp#27;[32mAnd &amp#27;[0m&amp#27;[32mI search for &amp#27;[0m&amp#27;[32m&amp#27;[1m"Apple"&amp#27;[0m&amp#27;[32m in the phone models search box&amp#27;[0m                   &amp#27;[90m# steps.CasekaroSteps.i_search_for_in_the_phone_models_search_box(java.lang.String)&amp#27;[0m
Step: Validate other brands are not visible
  &amp#27;[32mThen &amp#27;[0m&amp#27;[32mother brands should not be visible in the search results&amp#27;[0m             &amp#27;[90m# steps.CasekaroSteps.other_brands_should_not_be_visible_in_the_search_results()&amp#27;[0m
Step: Search specifically for - iPhone 16 Pro
  &amp#27;[32mWhen &amp#27;[0m&amp#27;[32mI search specifically for &amp#27;[0m&amp#27;[32m&amp#27;[1m"iPhone 16 Pro"&amp#27;[0m                            &amp#27;[90m# steps.CasekaroSteps.i_search_specifically_for(java.lang.String)&amp#27;[0m
Step: Select suggestion - iPhone 16 Pro
  &amp#27;[32mAnd &amp#27;[0m&amp#27;[32mI select &amp#27;[0m&amp#27;[32m&amp#27;[1m"iPhone 16 Pro"&amp#27;[0m&amp#27;[32m from the autocomplete suggestion list&amp#27;[0m        &amp#27;[90m# steps.CasekaroSteps.i_select_from_the_autocomplete_suggestion_list(java.lang.String)&amp#27;[0m
Step: Click - Choose Options
  &amp#27;[32mAnd &amp#27;[0m&amp#27;[32mI click &amp#27;[0m&amp#27;[32m&amp#27;[1m"Choose Options"&amp#27;[0m&amp#27;[32m on the First Product Card&amp#27;[0m                    &amp#27;[90m# steps.CasekaroSteps.i_click_on_the_first_product_card(java.lang.String)&amp#27;[0m
Step: Add variants - Hard, Soft, Glass
  &amp#27;[32mAnd &amp#27;[0m&amp#27;[32mI add the &amp#27;[0m&amp#27;[32m&amp#27;[1m"Hard"&amp#27;[0m&amp#27;[32m, &amp#27;[0m&amp#27;[32m&amp#27;[1m"Soft"&amp#27;[0m&amp#27;[32m, and &amp#27;[0m&amp#27;[32m&amp#27;[1m"Glass"&amp#27;[0m&amp#27;[32m material variants to the cart&amp#27;[0m   &amp#27;[90m# steps.CasekaroSteps.i_add_the_and_material_variants_to_the_cart(java.lang.String,java.lang.String,java.lang.String)&amp#27;[0m
Step: Open the cart
  &amp#27;[32mAnd &amp#27;[0m&amp#27;[32mI open the cart&amp#27;[0m                                                       &amp#27;[90m# steps.CasekaroSteps.i_open_the_cart()&amp#27;[0m
Step: Validate cart contains - 3 items
  &amp#27;[32mThen &amp#27;[0m&amp#27;[32mI validate that all &amp#27;[0m&amp#27;[32m&amp#27;[1m3&amp#27;[0m&amp#27;[32m items are added to the cart&amp#27;[0m                    &amp#27;[90m# steps.CasekaroSteps.i_validate_that_all_items_are_added_to_the_cart(java.lang.Integer)&amp#27;[0m
Step: Print item details
  &amp#27;[32mAnd &amp#27;[0m&amp#27;[32mI print the material, price, and link of all items in the cart&amp#27;[0m        &amp#27;[90m# steps.CasekaroSteps.i_print_the_material_price_and_link_of_all_items_in_the_cart()&amp#27;[0m
]]></system-out>
  </testcase>
</testsuite>