<?xml version="1.0" encoding="UTF-8"?>
<testsuite xmlns:xsi="http://www.w3.org/2001/XMLSchema-instance" xsi:noNamespaceSchemaLocation="https://maven.apache.org/surefire/maven-surefire-plugin/xsd/surefire-test-report-3.0.xsd" version="3.0" name="runner.TestRunner" time="74.043" tests="1" errors="1" skipped="0" failures="0">
  <properties>
[...]
</properties>
  <testcase name="Add three different material variants of a phone case to the cart" classname="Casekaro Cart Functionality" time="73.81">
    <error message="Error {&#10;  message=&apos;Timeout 30000ms exceeded.&#10;  name=&apos;TimeoutError&#10;  stack=&apos;TimeoutError: Timeout 30000ms exceeded.&#10;    at ProgressController.run (/private/var/folders/dz/52ys4n551gzc_p0zn75phrv40000gn/T/playwright-java-16190611296885843121/package/lib/server/progress.js:78:26)&#10;    at Frame.waitForSelector (/private/var/folders/dz/52ys4n551gzc_p0zn75phrv40000gn/T/playwright-java-16190611296885843121/package/lib/server/frames.js:619:23)&#10;    at FrameDispatcher.waitForSelector (/private/var/folders/dz/52ys4n551gzc_p0zn75phrv40000gn/T/playwright-java-16190611296885843121/package/lib/server/dispatchers/frameDispatcher.js:106:103)&#10;    at FrameDispatcher._handleCommand (/private/var/folders/dz/52ys4n551gzc_p0zn75phrv40000gn/T/playwright-java-16190611296885843121/package/lib/server/dispatchers/dispatcher.js:94:40)&#10;    at DispatcherConnection.dispatch (/private/var/folders/dz/52ys4n551gzc_p0zn75phrv40000gn/T/playwright-java-16190611296885843121/package/lib/server/dispatchers/dispatcher.js:361:39)&#10;}&#10;Call log:&#10;- waiting for locator(&quot;a[href*=&apos;/products/&apos;]&quot;).first().first()&#10;" type="com.microsoft.playwright.TimeoutError"><![CDATA[com.microsoft.playwright.TimeoutError: 
Error {
  message='Timeout 30000ms exceeded.
  name='TimeoutError
  stack='TimeoutError: Timeout 30000ms exceeded.
    at ProgressController.run (/private/var/folders/dz/52ys4n551gzc_p0zn75phrv40000gn/T/playwright-java-16190611296885843121/package/lib/server/progress.js:78:26)
    at Frame.waitForSelector (/private/var/folders/dz/52ys4n551gzc_p0zn75phrv40000gn/T/playwright-java-16190611296885843121/package/lib/server/frames.js:619:23)
    at FrameDispatcher.waitForSelector (/private/var/folders/dz/52ys4n551gzc_p0zn75phrv40000gn/T/playwright-java-16190611296885843121/package/lib/server/dispatchers/frameDispatcher.js:106:103)
    at FrameDispatcher._handleCommand (/private/var/folders/dz/52ys4n551gzc_p0zn75phrv40000gn/T/playwright-java-16190611296885843121/package/lib/server/dispatchers/dispatcher.js:94:40)
    at DispatcherConnection.dispatch (/private/var/folders/dz/52ys4n551gzc_p0zn75phrv40000gn/T/playwright-java-16190611296885843121/package/lib/server/dispatchers/dispatcher.js:361:39)
}
Call log:
- waiting for locator("a[href*='/products/']").first().first()

	at com.microsoft.playwright.impl.WaitableResult.get(WaitableResult.java:52)
	at com.microsoft.playwright.impl.ChannelOwner.runUntil(ChannelOwner.java:120)
	at com.microsoft.playwright.impl.Connection.sendMessage(Connection.java:130)
	at com.microsoft.playwright.impl.ChannelOwner.sendMessage(ChannelOwner.java:106)
	at com.microsoft.playwright.impl.FrameImpl.waitForSelectorImpl(FrameImpl.java:1060)
	at com.microsoft.playwright.impl.FrameImpl.waitForSelectorImpl(FrameImpl.java:1050)
	at com.microsoft.playwright.impl.FrameImpl.lambda$waitForSelector$46(FrameImpl.java:1046)
	at com.microsoft.playwright.impl.LoggingSupport.withLogging(LoggingSupport.java:47)
	at com.microsoft.playwright.impl.ChannelOwner.withLogging(ChannelOwner.java:89)
	at com.microsoft.playwright.impl.FrameImpl.waitForSelector(FrameImpl.java:1046)
	at com.microsoft.playwright.impl.LocatorImpl.elementHandle(LocatorImpl.java:202)
	at com.microsoft.playwright.impl.LocatorImpl.withElement(LocatorImpl.java:84)
	at com.microsoft.playwright.impl.LocatorImpl.scrollIntoViewIfNeeded(LocatorImpl.java:476)
	at com.microsoft.playwright.Locator.scrollIntoViewIfNeeded(Locator.java:4378)
	at steps.CasekaroSteps.i_click_on_the_first_product_card(CasekaroSteps.java:168)
	at ✽.I click "Choose Options" on the First Product Card(file:///Users/roshansingh/Developer/autobuy/src/test/resources/features/CasekaroCart.feature:10)
Caused by: com.microsoft.playwright.TimeoutError: Error {
  message='Timeout 30000ms exceeded.
  name='TimeoutError
  stack='TimeoutError: Timeout 30000ms exceeded.
    at ProgressController.run (/private/var/folders/dz/52ys4n551gzc_p0zn75phrv40000gn/T/playwright-java-16190611296885843121/package/lib/server/progress.js:78:26)
    at Frame.waitForSelector (/private/var/folders/dz/52ys4n551gzc_p0zn75phrv40000gn/T/playwright-java-16190611296885843121/package/lib/server/frames.js:619:23)
    at FrameDispatcher.waitForSelector (/private/var/folders/dz/52ys4n551gzc_p0zn75phrv40000gn/T/playwright-java-16190611296885843121/package/lib/server/dispatchers/frameDispatcher.js:106:103)
    at FrameDispatcher._handleCommand (/private/var/folders/dz/52ys4n551gzc_p0zn75phrv40000gn/T/playwright-java-16190611296885843121/package/lib/server/dispatchers/dispatcher.js:94:40)
    at DispatcherConnection.dispatch (/private/var/folders/dz/52ys4n551gzc_p0zn75phrv40000gn/T/playwright-java-16190611296885843121/package/lib/server/dispatchers/dispatcher.js:361:39)
}
Call log:
- waiting for locator("a[href*='/products/']").first().first()

	at com.microsoft.playwright.impl.Connection.dispatch(Connection.java:254)
	at com.microsoft.playwright.impl.Connection.processOneMessage(Connection.java:211)
	at com.microsoft.playwright.impl.ChannelOwner.runUntil(ChannelOwner.java:118)
	at com.microsoft.playwright.impl.Connection.sendMessage(Connection.java:130)
	at com.microsoft.playwright.impl.ChannelOwner.sendMessage(ChannelOwner.java:106)
	at com.microsoft.playwright.impl.FrameImpl.waitForSelectorImpl(FrameImpl.java:1060)
	at com.microsoft.playwright.impl.FrameImpl.waitForSelectorImpl(FrameImpl.java:1050)
	at com.microsoft.playwright.impl.FrameImpl.lambda$waitForSelector$46(FrameImpl.java:1046)
	at com.microsoft.playwright.impl.LoggingSupport.withLogging(LoggingSupport.java:47)
	at com.microsoft.playwright.impl.ChannelOwner.withLogging(ChannelOwner.java:89)
	at com.microsoft.playwright.impl.FrameImpl.waitForSelector(FrameImpl.java:1046)
	at com.microsoft.playwright.impl.LocatorImpl.elementHandle(LocatorImpl.java:202)
	at com.microsoft.playwright.impl.LocatorImpl.withElement(LocatorImpl.java:84)
	at com.microsoft.playwright.impl.LocatorImpl.scrollIntoViewIfNeeded(LocatorImpl.java:476)
	at com.microsoft.playwright.Locator.scrollIntoViewIfNeeded(Locator.java:4378)
	at steps.CasekaroSteps.i_click_on_the_first_product_card(CasekaroSteps.java:168)
	at java.base/jdk.internal.reflect.DirectMethodHandleAccessor.invoke(DirectMethodHandleAccessor.java:104)
	at java.base/java.lang.reflect.Method.invoke(Method.java:565)
	at io.cucumber.java.Invoker.doInvoke(Invoker.java:66)
	at io.cucumber.java.Invoker.invoke(Invoker.java:24)
	at io.cucumber.java.AbstractGlueDefinition.invokeMethod(AbstractGlueDefinition.java:47)
	at io.cucumber.java.JavaStepDefinition.execute(JavaStepDefinition.java:29)
	at io.cucumber.core.runner.CoreStepDefinition.execute(CoreStepDefinition.java:66)
	at io.cucumber.core.runner.PickleStepDefinitionMatch.runStep(PickleStepDefinitionMatch.java:63)
	at io.cucumber.core.runner.ExecutionMode$1.execute(ExecutionMode.java:10)
	at io.cucumber.core.runner.TestStep.executeStep(TestStep.java:81)
	at io.cucumber.core.runner.TestStep.run(TestStep.java:53)
	at io.cucumber.core.runner.PickleStepTestStep.run(PickleStepTestStep.java:51)
	at io.cucumber.core.runner.TestCase.run(TestCase.java:84)
	at io.cucumber.core.runner.Runner.runPickle(Runner.java:75)
	at io.cucumber.junit.PickleRunners$NoStepDescriptions.lambda$run$0(PickleRunners.java:151)
	at io.cucumber.core.runtime.CucumberExecutionContext.lambda$runTestCase$5(CucumberExecutionContext.java:136)
	at io.cucumber.core.runtime.RethrowingThrowableCollector.executeAndThrow(RethrowingThrowableCollector.java:23)
	at io.cucumber.core.runtime.CucumberExecutionContext.runTestCase(CucumberExecutionContext.java:136)
	at io.cucumber.junit.PickleRunners$NoStepDescriptions.run(PickleRunners.java:148)
	at io.cucumber.junit.FeatureRunner.runChild(FeatureRunner.java:144)
	at io.cucumber.junit.FeatureRunner.runChild(FeatureRunner.java:28)
	at org.junit.runners.ParentRunner$4.run(ParentRunner.java:331)
	at org.junit.runners.ParentRunner$1.schedule(ParentRunner.java:79)
	at org.junit.runners.ParentRunner.runChildren(ParentRunner.java:329)
	at org.junit.runners.ParentRunner.access$100(ParentRunner.java:66)
	at org.junit.runners.ParentRunner$2.evaluate(ParentRunner.java:293)
	at org.junit.runners.ParentRunner$3.evaluate(ParentRunner.java:306)
	at org.junit.runners.ParentRunner.run(ParentRunner.java:413)
	at io.cucumber.junit.FeatureRunner.run(FeatureRunner.java:137)
	at io.cucumber.junit.Cucumber.runChild(Cucumber.java:196)
	at io.cucumber.junit.Cucumber.runChild(Cucumber.java:89)
	at org.junit.runners.ParentRunner$4.run(ParentRunner.java:331)
	at org.junit.runners.ParentRunner$1.schedule(ParentRunner.java:79)
	at org.junit.runners.ParentRunner.runChildren(ParentRunner.java:329)
	at org.junit.runners.ParentRunner.access$100(ParentRunner.java:66)
	at org.junit.runners.ParentRunner$2.evaluate(ParentRunner.java:293)
	at io.cucumber.core.runtime.CucumberExecutionContext.lambda$runFeatures$6(CucumberExecutionContext.java:147)
	at io.cucumber.core.runtime.CucumberExecutionContext.execute(CucumberExecutionContext.java:162)
	at io.cucumber.core.runtime.CucumberExecutionContext.runFeatures(CucumberExecutionContext.java:145)
	at io.cucumber.junit.Cucumber$StartAndFinishTestRun.evaluate(Cucumber.java:226)
	at org.junit.runners.ParentRunner$3.evaluate(ParentRunner.java:306)
	at org.junit.runners.ParentRunner.run(ParentRunner.java:413)
	at org.apache.maven.surefire.junit4.JUnit4Provider.execute(JUnit4Provider.java:316)
	at org.apache.maven.surefire.junit4.JUnit4Provider.executeWithRerun(JUnit4Provider.java:240)
	at org.apache.maven.surefire.junit4.JUnit4Provider.executeTestSet(JUnit4Provider.java:214)
	at org.apache.maven.surefire.junit4.JUnit4Provider.invoke(JUnit4Provider.java:155)
	at org.apache.maven.surefire.booter.ForkedBooter.runSuitesInProcess(ForkedBooter.java:385)
	at org.apache.maven.surefire.booter.ForkedBooter.execute(ForkedBooter.java:162)
	at org.apache.maven.surefire.booter.ForkedBooter.run(ForkedBooter.java:507)
	at org.apache.maven.surefire.booter.ForkedBooter.main(ForkedBooter.java:495)
]]></error>
    <system-out><![CDATA[
Scenario: Add three different material variants of a phone case to the cart &amp#27;[90m# src/test/resources/features/CasekaroCart.feature:3&amp#27;[0m
✅ Navigated to Casekaro website
  &amp#27;[32mGiven &amp#27;[0m&amp#27;[32mI navigate to the casekaro website&amp#27;[0m                                  &amp#27;[90m# steps.CasekaroSteps.i_navigate_to_the_casekaro_website()&amp#27;[0m
✅ Clicked on 'Mobile Covers' from the Top Navigation Menu
  &amp#27;[32mWhen &amp#27;[0m&amp#27;[32mI click on &amp#27;[0m&amp#27;[32m&amp#27;[1m"Mobile Covers"&amp#27;[0m&amp#27;[32m from the Top Navigation Menu&amp#27;[0m              &amp#27;[90m# steps.CasekaroSteps.i_click_on_from_the_top_navigation_menu(java.lang.String)&amp#27;[0m
✅ Searched for 'Apple' in the phone models search box
  &amp#27;[32mAnd &amp#27;[0m&amp#27;[32mI search for &amp#27;[0m&amp#27;[32m&amp#27;[1m"Apple"&amp#27;[0m&amp#27;[32m in the phone models search box&amp#27;[0m                   &amp#27;[90m# steps.CasekaroSteps.i_search_for_in_the_phone_models_search_box(java.lang.String)&amp#27;[0m
✅ Verified 'Samsung' is not visible in search results
✅ Verified 'OnePlus' is not visible in search results
✅ Verified 'Vivo' is not visible in search results
✅ Verified 'Oppo' is not visible in search results
✅ Verified 'Xiaomi' is not visible in search results
✅ Verified 'Realme' is not visible in search results
✅ Verified 'Redmi' is not visible in search results
✅ Verified 'Motorola' is not visible in search results
✅ Negative validation passed: Other brands are not visible after searching Apple
  &amp#27;[32mThen &amp#27;[0m&amp#27;[32mother brands should not be visible in the search results&amp#27;[0m             &amp#27;[90m# steps.CasekaroSteps.other_brands_should_not_be_visible_in_the_search_results()&amp#27;[0m
✅ Searched specifically for 'iPhone 16 Pro' in global search
  &amp#27;[32mWhen &amp#27;[0m&amp#27;[32mI search specifically for &amp#27;[0m&amp#27;[32m&amp#27;[1m"iPhone 16 Pro"&amp#27;[0m                            &amp#27;[90m# steps.CasekaroSteps.i_search_specifically_for(java.lang.String)&amp#27;[0m
✅ Selected 'iPhone 16 Pro' from the autocomplete suggestion list
  &amp#27;[32mAnd &amp#27;[0m&amp#27;[32mI select &amp#27;[0m&amp#27;[32m&amp#27;[1m"iPhone 16 Pro"&amp#27;[0m&amp#27;[32m from the autocomplete suggestion list&amp#27;[0m        &amp#27;[90m# steps.CasekaroSteps.i_select_from_the_autocomplete_suggestion_list(java.lang.String)&amp#27;[0m
⚠️ Timeout waiting for product links to appear!
⚠️ 'Choose Options' not found! Searching for any product link on the page...
⚠️ Still no product links found! Dumping HTML for debugging...
  &amp#27;[31mAnd &amp#27;[0m&amp#27;[31mI click &amp#27;[0m&amp#27;[31m&amp#27;[1m"Choose Options"&amp#27;[0m&amp#27;[31m on the First Product Card&amp#27;[0m                    &amp#27;[90m# steps.CasekaroSteps.i_click_on_the_first_product_card(java.lang.String)&amp#27;[0m
      &amp#27;[31mcom.microsoft.playwright.TimeoutError: Error {
  message='Timeout 30000ms exceeded.
  name='TimeoutError
  stack='TimeoutError: Timeout 30000ms exceeded.
    at ProgressController.run (/private/var/folders/dz/52ys4n551gzc_p0zn75phrv40000gn/T/playwright-java-16190611296885843121/package/lib/server/progress.js:78:26)
    at Frame.waitForSelector (/private/var/folders/dz/52ys4n551gzc_p0zn75phrv40000gn/T/playwright-java-16190611296885843121/package/lib/server/frames.js:619:23)
    at FrameDispatcher.waitForSelector (/private/var/folders/dz/52ys4n551gzc_p0zn75phrv40000gn/T/playwright-java-16190611296885843121/package/lib/server/dispatchers/frameDispatcher.js:106:103)
    at FrameDispatcher._handleCommand (/private/var/folders/dz/52ys4n551gzc_p0zn75phrv40000gn/T/playwright-java-16190611296885843121/package/lib/server/dispatchers/dispatcher.js:94:40)
    at DispatcherConnection.dispatch (/private/var/folders/dz/52ys4n551gzc_p0zn75phrv40000gn/T/playwright-java-16190611296885843121/package/lib/server/dispatchers/dispatcher.js:361:39)
}
Call log:
- waiting for locator("a[href*='/products/']").first().first()

	at com.microsoft.playwright.impl.WaitableResult.get(WaitableResult.java:52)
	at com.microsoft.playwright.impl.ChannelOwner.runUntil(ChannelOwner.java:120)
	at com.microsoft.playwright.impl.Connection.sendMessage(Connection.java:130)
	at com.microsoft.playwright.impl.ChannelOwner.sendMessage(ChannelOwner.java:106)
	at com.microsoft.playwright.impl.FrameImpl.waitForSelectorImpl(FrameImpl.java:1060)
	at com.microsoft.playwright.impl.FrameImpl.waitForSelectorImpl(FrameImpl.java:1050)
	at com.microsoft.playwright.impl.FrameImpl.lambda$waitForSelector$46(FrameImpl.java:1046)
	at com.microsoft.playwright.impl.LoggingSupport.withLogging(LoggingSupport.java:47)
	at com.microsoft.playwright.impl.ChannelOwner.withLogging(ChannelOwner.java:89)
	at com.microsoft.playwright.impl.FrameImpl.waitForSelector(FrameImpl.java:1046)
	at com.microsoft.playwright.impl.LocatorImpl.elementHandle(LocatorImpl.java:202)
	at com.microsoft.playwright.impl.LocatorImpl.withElement(LocatorImpl.java:84)
	at com.microsoft.playwright.impl.LocatorImpl.scrollIntoViewIfNeeded(LocatorImpl.java:476)
	at com.microsoft.playwright.Locator.scrollIntoViewIfNeeded(Locator.java:4378)
	at steps.CasekaroSteps.i_click_on_the_first_product_card(CasekaroSteps.java:168)
	at ✽.I click "Choose Options" on the First Product Card(file:///Users/roshansingh/Developer/autobuy/src/test/resources/features/CasekaroCart.feature:10)
Caused by: com.microsoft.playwright.TimeoutError: Error {
  message='Timeout 30000ms exceeded.
  name='TimeoutError
  stack='TimeoutError: Timeout 30000ms exceeded.
    at ProgressController.run (/private/var/folders/dz/52ys4n551gzc_p0zn75phrv40000gn/T/playwright-java-16190611296885843121/package/lib/server/progress.js:78:26)
    at Frame.waitForSelector (/private/var/folders/dz/52ys4n551gzc_p0zn75phrv40000gn/T/playwright-java-16190611296885843121/package/lib/server/frames.js:619:23)
    at FrameDispatcher.waitForSelector (/private/var/folders/dz/52ys4n551gzc_p0zn75phrv40000gn/T/playwright-java-16190611296885843121/package/lib/server/dispatchers/frameDispatcher.js:106:103)
    at FrameDispatcher._handleCommand (/private/var/folders/dz/52ys4n551gzc_p0zn75phrv40000gn/T/playwright-java-16190611296885843121/package/lib/server/dispatchers/dispatcher.js:94:40)
    at DispatcherConnection.dispatch (/private/var/folders/dz/52ys4n551gzc_p0zn75phrv40000gn/T/playwright-java-16190611296885843121/package/lib/server/dispatchers/dispatcher.js:361:39)
}
Call log:
- waiting for locator("a[href*='/products/']").first().first()

	at com.microsoft.playwright.impl.Connection.dispatch(Connection.java:254)
	at com.microsoft.playwright.impl.Connection.processOneMessage(Connection.java:211)
	at com.microsoft.playwright.impl.ChannelOwner.runUntil(ChannelOwner.java:118)
	at com.microsoft.playwright.impl.Connection.sendMessage(Connection.java:130)
	at com.microsoft.playwright.impl.ChannelOwner.sendMessage(ChannelOwner.java:106)
	at com.microsoft.playwright.impl.FrameImpl.waitForSelectorImpl(FrameImpl.java:1060)
	at com.microsoft.playwright.impl.FrameImpl.waitForSelectorImpl(FrameImpl.java:1050)
	at com.microsoft.playwright.impl.FrameImpl.lambda$waitForSelector$46(FrameImpl.java:1046)
	at com.microsoft.playwright.impl.LoggingSupport.withLogging(LoggingSupport.java:47)
	at com.microsoft.playwright.impl.ChannelOwner.withLogging(ChannelOwner.java:89)
	at com.microsoft.playwright.impl.FrameImpl.waitForSelector(FrameImpl.java:1046)
	at com.microsoft.playwright.impl.LocatorImpl.elementHandle(LocatorImpl.java:202)
	at com.microsoft.playwright.impl.LocatorImpl.withElement(LocatorImpl.java:84)
	at com.microsoft.playwright.impl.LocatorImpl.scrollIntoViewIfNeeded(LocatorImpl.java:476)
	at com.microsoft.playwright.Locator.scrollIntoViewIfNeeded(Locator.java:4378)
	at steps.CasekaroSteps.i_click_on_the_first_product_card(CasekaroSteps.java:168)
	at java.base/jdk.internal.reflect.DirectMethodHandleAccessor.invoke(DirectMethodHandleAccessor.java:104)
	at java.base/java.lang.reflect.Method.invoke(Method.java:565)
	at io.cucumber.java.Invoker.doInvoke(Invoker.java:66)
	at io.cucumber.java.Invoker.invoke(Invoker.java:24)
	at io.cucumber.java.AbstractGlueDefinition.invokeMethod(AbstractGlueDefinition.java:47)
	at io.cucumber.java.JavaStepDefinition.execute(JavaStepDefinition.java:29)
	at io.cucumber.core.runner.CoreStepDefinition.execute(CoreStepDefinition.java:66)
	at io.cucumber.core.runner.PickleStepDefinitionMatch.runStep(PickleStepDefinitionMatch.java:63)
	at io.cucumber.core.runner.ExecutionMode$1.execute(ExecutionMode.java:10)
	at io.cucumber.core.runner.TestStep.executeStep(TestStep.java:81)
	at io.cucumber.core.runner.TestStep.run(TestStep.java:53)
	at io.cucumber.core.runner.PickleStepTestStep.run(PickleStepTestStep.java:51)
	at io.cucumber.core.runner.TestCase.run(TestCase.java:84)
	at io.cucumber.core.runner.Runner.runPickle(Runner.java:75)
	at io.cucumber.junit.PickleRunners$NoStepDescriptions.lambda$run$0(PickleRunners.java:151)
	at io.cucumber.core.runtime.CucumberExecutionContext.lambda$runTestCase$5(CucumberExecutionContext.java:136)
	at io.cucumber.core.runtime.RethrowingThrowableCollector.executeAndThrow(RethrowingThrowableCollector.java:23)
	at io.cucumber.core.runtime.CucumberExecutionContext.runTestCase(CucumberExecutionContext.java:136)
	at io.cucumber.junit.PickleRunners$NoStepDescriptions.run(PickleRunners.java:148)
	at io.cucumber.junit.FeatureRunner.runChild(FeatureRunner.java:144)
	at io.cucumber.junit.FeatureRunner.runChild(FeatureRunner.java:28)
	at org.junit.runners.ParentRunner$4.run(ParentRunner.java:331)
	at org.junit.runners.ParentRunner$1.schedule(ParentRunner.java:79)
	at org.junit.runners.ParentRunner.runChildren(ParentRunner.java:329)
	at org.junit.runners.ParentRunner.access$100(ParentRunner.java:66)
	at org.junit.runners.ParentRunner$2.evaluate(ParentRunner.java:293)
	at org.junit.runners.ParentRunner$3.evaluate(ParentRunner.java:306)
	at org.junit.runners.ParentRunner.run(ParentRunner.java:413)
	at io.cucumber.junit.FeatureRunner.run(FeatureRunner.java:137)
	at io.cucumber.junit.Cucumber.runChild(Cucumber.java:196)
	at io.cucumber.junit.Cucumber.runChild(Cucumber.java:89)
	at org.junit.runners.ParentRunner$4.run(ParentRunner.java:331)
	at org.junit.runners.ParentRunner$1.schedule(ParentRunner.java:79)
	at org.junit.runners.ParentRunner.runChildren(ParentRunner.java:329)
	at org.junit.runners.ParentRunner.access$100(ParentRunner.java:66)
	at org.junit.runners.ParentRunner$2.evaluate(ParentRunner.java:293)
	at io.cucumber.core.runtime.CucumberExecutionContext.lambda$runFeatures$6(CucumberExecutionContext.java:147)
	at io.cucumber.core.runtime.CucumberExecutionContext.execute(CucumberExecutionContext.java:162)
	at io.cucumber.core.runtime.CucumberExecutionContext.runFeatures(CucumberExecutionContext.java:145)
	at io.cucumber.junit.Cucumber$StartAndFinishTestRun.evaluate(Cucumber.java:226)
	at org.junit.runners.ParentRunner$3.evaluate(ParentRunner.java:306)
	at org.junit.runners.ParentRunner.run(ParentRunner.java:413)
	at org.apache.maven.surefire.junit4.JUnit4Provider.execute(JUnit4Provider.java:316)
	at org.apache.maven.surefire.junit4.JUnit4Provider.executeWithRerun(JUnit4Provider.java:240)
	at org.apache.maven.surefire.junit4.JUnit4Provider.executeTestSet(JUnit4Provider.java:214)
	at org.apache.maven.surefire.junit4.JUnit4Provider.invoke(JUnit4Provider.java:155)
	at org.apache.maven.surefire.booter.ForkedBooter.runSuitesInProcess(ForkedBooter.java:385)
	at org.apache.maven.surefire.booter.ForkedBooter.execute(ForkedBooter.java:162)
	at org.apache.maven.surefire.booter.ForkedBooter.run(ForkedBooter.java:507)
	at org.apache.maven.surefire.booter.ForkedBooter.main(ForkedBooter.java:495)
&amp#27;[0m
  &amp#27;[36mAnd &amp#27;[0m&amp#27;[36mI add the &amp#27;[0m&amp#27;[36m&amp#27;[1m"Hard"&amp#27;[0m&amp#27;[36m, &amp#27;[0m&amp#27;[36m&amp#27;[1m"Soft"&amp#27;[0m&amp#27;[36m, and &amp#27;[0m&amp#27;[36m&amp#27;[1m"Glass"&amp#27;[0m&amp#27;[36m material variants to the cart&amp#27;[0m   &amp#27;[90m# steps.CasekaroSteps.i_add_the_and_material_variants_to_the_cart(java.lang.String,java.lang.String,java.lang.String)&amp#27;[0m
  &amp#27;[36mAnd &amp#27;[0m&amp#27;[36mI open the cart&amp#27;[0m                                                       &amp#27;[90m# steps.CasekaroSteps.i_open_the_cart()&amp#27;[0m
  &amp#27;[36mThen &amp#27;[0m&amp#27;[36mI validate that all &amp#27;[0m&amp#27;[36m&amp#27;[1m3&amp#27;[0m&amp#27;[36m items are added to the cart&amp#27;[0m                    &amp#27;[90m# steps.CasekaroSteps.i_validate_that_all_items_are_added_to_the_cart(java.lang.Integer)&amp#27;[0m
  &amp#27;[36mAnd &amp#27;[0m&amp#27;[36mI print the material, price, and link of all items in the cart&amp#27;[0m        &amp#27;[90m# steps.CasekaroSteps.i_print_the_material_price_and_link_of_all_items_in_the_cart()&amp#27;[0m
]]></system-out>
  </testcase>
</testsuite>